This file contains any messages produced by compilers while
running configure, to aid debugging if configure makes a mistake.

It was created by gsl configure 2.4, which was
generated by GNU Autoconf 2.69.  Invocation command line was

  $ ./configure 

## --------- ##
## Platform. ##
## --------- ##

hostname = hzhangal-ThinkPad-E450
uname -m = x86_64
uname -r = 4.4.0-87-generic
uname -s = Linux
uname -v = #110-Ubuntu SMP Tue Jul 18 12:55:35 UTC 2017

/usr/bin/uname -p = unknown
/bin/uname -X     = unknown

/bin/arch              = unknown
/usr/bin/arch -k       = unknown
/usr/convex/getsysinfo = unknown
/usr/bin/hostinfo      = unknown
/bin/machine           = unknown
/usr/bin/oslevel       = unknown
/bin/universe          = unknown

PATH: /home/hzhangal/bin
PATH: /home/hzhangal/.local/bin
PATH: /usr/local/sbin
PATH: /usr/local/bin
PATH: /usr/sbin
PATH: /usr/bin
PATH: /sbin
PATH: /bin
PATH: /usr/games
PATH: /usr/local/games
PATH: /snap/bin


## ----------- ##
## Core tests. ##
## ----------- ##

configure:2381: checking for a BSD-compatible install
configure:2449: result: /usr/bin/install -c
configure:2460: checking whether build environment is sane
configure:2515: result: yes
configure:2666: checking for a thread-safe mkdir -p
configure:2705: result: /bin/mkdir -p
configure:2712: checking for gawk
configure:2742: result: no
configure:2712: checking for mawk
configure:2728: found /usr/bin/mawk
configure:2739: result: mawk
configure:2750: checking whether make sets $(MAKE)
configure:2772: result: yes
configure:2801: checking whether make supports nested variables
configure:2818: result: yes
configure:2905: checking whether to enable maintainer-specific portions of Makefiles
configure:2914: result: no
configure:2952: checking for a sed that does not truncate output
configure:3016: result: /bin/sed
configure:3028: checking whether make sets $(MAKE)
configure:3050: result: yes
configure:3064: checking build system type
configure:3078: result: x86_64-unknown-linux-gnu
configure:3098: checking host system type
configure:3111: result: x86_64-unknown-linux-gnu
configure:3186: checking for gcc
configure:3202: found /usr/bin/gcc
configure:3213: result: gcc
configure:3442: checking for C compiler version
configure:3451: gcc --version >&5
gcc (Ubuntu 5.4.0-6ubuntu1~16.04.4) 5.4.0 20160609
Copyright (C) 2015 Free Software Foundation, Inc.
This is free software; see the source for copying conditions.  There is NO
warranty; not even for MERCHANTABILITY or FITNESS FOR A PARTICULAR PURPOSE.

configure:3462: $? = 0
configure:3451: gcc -v >&5
Using built-in specs.
COLLECT_GCC=gcc
COLLECT_LTO_WRAPPER=/usr/lib/gcc/x86_64-linux-gnu/5/lto-wrapper
Target: x86_64-linux-gnu
Configured with: ../src/configure -v --with-pkgversion='Ubuntu 5.4.0-6ubuntu1~16.04.4' --with-bugurl=file:///usr/share/doc/gcc-5/README.Bugs --enable-languages=c,ada,c++,java,go,d,fortran,objc,obj-c++ --prefix=/usr --program-suffix=-5 --enable-shared --enable-linker-build-id --libexecdir=/usr/lib --without-included-gettext --enable-threads=posix --libdir=/usr/lib --enable-nls --with-sysroot=/ --enable-clocale=gnu --enable-libstdcxx-debug --enable-libstdcxx-time=yes --with-default-libstdcxx-abi=new --enable-gnu-unique-object --disable-vtable-verify --enable-libmpx --enable-plugin --with-system-zlib --disable-browser-plugin --enable-java-awt=gtk --enable-gtk-cairo --with-java-home=/usr/lib/jvm/java-1.5.0-gcj-5-amd64/jre --enable-java-home --with-jvm-root-dir=/usr/lib/jvm/java-1.5.0-gcj-5-amd64 --with-jvm-jar-dir=/usr/lib/jvm-exports/java-1.5.0-gcj-5-amd64 --with-arch-directory=amd64 --with-ecj-jar=/usr/share/java/eclipse-ecj.jar --enable-objc-gc --enable-multiarch --disable-werror --with-arch-32=i686 --with-abi=m64 --with-multilib-list=m32,m64,mx32 --enable-multilib --with-tune=generic --enable-checking=release --build=x86_64-linux-gnu --host=x86_64-linux-gnu --target=x86_64-linux-gnu
Thread model: posix
gcc version 5.4.0 20160609 (Ubuntu 5.4.0-6ubuntu1~16.04.4) 
configure:3462: $? = 0
configure:3451: gcc -V >&5
gcc: error: unrecognized command line option '-V'
gcc: fatal error: no input files
compilation terminated.
configure:3462: $? = 1
configure:3451: gcc -qversion >&5
gcc: error: unrecognized command line option '-qversion'
gcc: fatal error: no input files
compilation terminated.
configure:3462: $? = 1
configure:3482: checking whether the C compiler works
configure:3504: gcc    conftest.c  >&5
configure:3508: $? = 0
configure:3556: result: yes
configure:3559: checking for C compiler default output file name
configure:3561: result: a.out
configure:3567: checking for suffix of executables
configure:3574: gcc -o conftest    conftest.c  >&5
configure:3578: $? = 0
configure:3600: result: 
configure:3622: checking whether we are cross compiling
configure:3630: gcc -o conftest    conftest.c  >&5
configure:3634: $? = 0
configure:3641: ./conftest
configure:3645: $? = 0
configure:3660: result: no
configure:3665: checking for suffix of object files
configure:3687: gcc -c   conftest.c >&5
configure:3691: $? = 0
configure:3712: result: o
configure:3716: checking whether we are using the GNU C compiler
configure:3735: gcc -c   conftest.c >&5
configure:3735: $? = 0
configure:3744: result: yes
configure:3753: checking whether gcc accepts -g
configure:3773: gcc -c -g  conftest.c >&5
configure:3773: $? = 0
configure:3814: result: yes
configure:3831: checking for gcc option to accept ISO C89
configure:3894: gcc  -c -g -O2  conftest.c >&5
configure:3894: $? = 0
configure:3907: result: none needed
configure:3938: checking for style of include used by make
configure:3966: result: GNU
configure:3992: checking dependency style of gcc
configure:4103: result: gcc3
configure:4123: checking how to run the C preprocessor
configure:4154: gcc -E  conftest.c
configure:4154: $? = 0
configure:4168: gcc -E  conftest.c
conftest.c:12:28: fatal error: ac_nonexistent.h: No such file or directory
compilation terminated.
configure:4168: $? = 1
configure: failed program was:
| /* confdefs.h */
| #define PACKAGE_NAME "gsl"
| #define PACKAGE_TARNAME "gsl"
| #define PACKAGE_VERSION "2.4"
| #define PACKAGE_STRING "gsl 2.4"
| #define PACKAGE_BUGREPORT ""
| #define PACKAGE_URL ""
| #define PACKAGE "gsl"
| #define VERSION "2.4"
| #define RELEASED /**/
| /* end confdefs.h.  */
| #include <ac_nonexistent.h>
configure:4193: result: gcc -E
configure:4213: gcc -E  conftest.c
configure:4213: $? = 0
configure:4227: gcc -E  conftest.c
conftest.c:12:28: fatal error: ac_nonexistent.h: No such file or directory
compilation terminated.
configure:4227: $? = 1
configure: failed program was:
| /* confdefs.h */
| #define PACKAGE_NAME "gsl"
| #define PACKAGE_TARNAME "gsl"
| #define PACKAGE_VERSION "2.4"
| #define PACKAGE_STRING "gsl 2.4"
| #define PACKAGE_BUGREPORT ""
| #define PACKAGE_URL ""
| #define PACKAGE "gsl"
| #define VERSION "2.4"
| #define RELEASED /**/
| /* end confdefs.h.  */
| #include <ac_nonexistent.h>
configure:4256: checking whether ln -s works
configure:4260: result: yes
configure:4313: checking how to print strings
configure:4340: result: printf
configure:4361: checking for a sed that does not truncate output
configure:4425: result: /bin/sed
configure:4443: checking for grep that handles long lines and -e
configure:4501: result: /bin/grep
configure:4506: checking for egrep
configure:4568: result: /bin/grep -E
configure:4573: checking for fgrep
configure:4635: result: /bin/grep -F
configure:4670: checking for ld used by gcc
configure:4737: result: /usr/bin/ld
configure:4744: checking if the linker (/usr/bin/ld) is GNU ld
configure:4759: result: yes
configure:4771: checking for BSD- or MS-compatible name lister (nm)
configure:4820: result: /usr/bin/nm -B
configure:4950: checking the name lister (/usr/bin/nm -B) interface
configure:4957: gcc -c -g -O2  conftest.c >&5
configure:4960: /usr/bin/nm -B "conftest.o"
configure:4963: output
0000000000000000 B some_variable
configure:4970: result: BSD nm
configure:4974: checking the maximum length of command line arguments
configure:5104: result: 1572864
configure:5121: checking whether the shell understands some XSI constructs
configure:5131: result: yes
configure:5135: checking whether the shell understands "+="
configure:5141: result: yes
configure:5176: checking how to convert x86_64-unknown-linux-gnu file names to x86_64-unknown-linux-gnu format
configure:5216: result: func_convert_file_noop
configure:5223: checking how to convert x86_64-unknown-linux-gnu file names to toolchain format
configure:5243: result: func_convert_file_noop
configure:5250: checking for /usr/bin/ld option to reload object files
configure:5257: result: -r
configure:5331: checking for objdump
configure:5347: found /usr/bin/objdump
configure:5358: result: objdump
configure:5387: checking how to recognize dependent libraries
configure:5589: result: pass_all
configure:5674: checking for dlltool
configure:5704: result: no
configure:5731: checking how to associate runtime and link libraries
configure:5758: result: printf %s\n
configure:5819: checking for ar
configure:5835: found /usr/bin/ar
configure:5846: result: ar
configure:5883: checking for archiver @FILE support
configure:5900: gcc -c -g -O2  conftest.c >&5
configure:5900: $? = 0
configure:5903: ar cru libconftest.a @conftest.lst >&5
ar: `u' modifier ignored since `D' is the default (see `U')
configure:5906: $? = 0
configure:5911: ar cru libconftest.a @conftest.lst >&5
ar: `u' modifier ignored since `D' is the default (see `U')
ar: conftest.o: No such file or directory
configure:5914: $? = 1
configure:5926: result: @
configure:5984: checking for strip
configure:6000: found /usr/bin/strip
configure:6011: result: strip
configure:6083: checking for ranlib
configure:6099: found /usr/bin/ranlib
configure:6110: result: ranlib
configure:6212: checking command to parse /usr/bin/nm -B output from gcc object
configure:6332: gcc -c -g -O2  conftest.c >&5
configure:6335: $? = 0
configure:6339: /usr/bin/nm -B conftest.o \| sed -n -e 's/^.*[ ]\([ABCDGIRSTW][ABCDGIRSTW]*\)[ ][ ]*\([_A-Za-z][_A-Za-z0-9]*\)$/\1 \2 \2/p' | sed '/ __gnu_lto/d' \> conftest.nm
configure:6342: $? = 0
configure:6408: gcc -o conftest -g -O2   conftest.c conftstm.o >&5
configure:6411: $? = 0
configure:6449: result: ok
configure:6486: checking for sysroot
configure:6516: result: no
configure:6593: gcc -c -g -O2  conftest.c >&5
configure:6596: $? = 0
configure:6772: checking for mt
configure:6788: found /bin/mt
configure:6799: result: mt
configure:6822: checking if mt is a manifest tool
configure:6828: mt '-?'
configure:6836: result: no
configure:7474: checking for ANSI C header files
configure:7494: gcc -c -g -O2  conftest.c >&5
configure:7494: $? = 0
configure:7567: gcc -o conftest -g -O2   conftest.c  >&5
configure:7567: $? = 0
configure:7567: ./conftest
configure:7567: $? = 0
configure:7578: result: yes
configure:7591: checking for sys/types.h
configure:7591: gcc -c -g -O2  conftest.c >&5
configure:7591: $? = 0
configure:7591: result: yes
configure:7591: checking for sys/stat.h
configure:7591: gcc -c -g -O2  conftest.c >&5
configure:7591: $? = 0
configure:7591: result: yes
configure:7591: checking for stdlib.h
configure:7591: gcc -c -g -O2  conftest.c >&5
configure:7591: $? = 0
configure:7591: result: yes
configure:7591: checking for string.h
configure:7591: gcc -c -g -O2  conftest.c >&5
configure:7591: $? = 0
configure:7591: result: yes
configure:7591: checking for memory.h
configure:7591: gcc -c -g -O2  conftest.c >&5
configure:7591: $? = 0
configure:7591: result: yes
configure:7591: checking for strings.h
configure:7591: gcc -c -g -O2  conftest.c >&5
configure:7591: $? = 0
configure:7591: result: yes
configure:7591: checking for inttypes.h
configure:7591: gcc -c -g -O2  conftest.c >&5
configure:7591: $? = 0
configure:7591: result: yes
configure:7591: checking for stdint.h
configure:7591: gcc -c -g -O2  conftest.c >&5
configure:7591: $? = 0
configure:7591: result: yes
configure:7591: checking for unistd.h
configure:7591: gcc -c -g -O2  conftest.c >&5
configure:7591: $? = 0
configure:7591: result: yes
configure:7605: checking for dlfcn.h
configure:7605: gcc -c -g -O2  conftest.c >&5
configure:7605: $? = 0
configure:7605: result: yes
configure:8109: checking for objdir
configure:8124: result: .libs
configure:8391: checking if gcc supports -fno-rtti -fno-exceptions
configure:8409: gcc -c -g -O2  -fno-rtti -fno-exceptions conftest.c >&5
cc1: warning: command line option '-fno-rtti' is valid for C++/ObjC++ but not for C
configure:8413: $? = 0
configure:8426: result: no
configure:8753: checking for gcc option to produce PIC
configure:8760: result: -fPIC -DPIC
configure:8768: checking if gcc PIC flag -fPIC -DPIC works
configure:8786: gcc -c -g -O2  -fPIC -DPIC -DPIC conftest.c >&5
configure:8790: $? = 0
configure:8803: result: yes
configure:8832: checking if gcc static flag -static works
configure:8860: result: yes
configure:8875: checking if gcc supports -c -o file.o
configure:8896: gcc -c -g -O2  -o out/conftest2.o conftest.c >&5
configure:8900: $? = 0
configure:8922: result: yes
configure:8930: checking if gcc supports -c -o file.o
configure:8977: result: yes
configure:9010: checking whether the gcc linker (/usr/bin/ld -m elf_x86_64) supports shared libraries
configure:10163: result: yes
configure:10200: checking whether -lc should be explicitly linked in
configure:10208: gcc -c -g -O2  conftest.c >&5
configure:10211: $? = 0
configure:10226: gcc -shared  -fPIC -DPIC conftest.o  -v -Wl,-soname -Wl,conftest -o conftest 2\>\&1 \| /bin/grep  -lc  \>/dev/null 2\>\&1
configure:10229: $? = 0
configure:10243: result: no
configure:10403: checking dynamic linker characteristics
configure:10914: gcc -o conftest -g -O2   -Wl,-rpath -Wl,/foo conftest.c  >&5
configure:10914: $? = 0
configure:11140: result: GNU/Linux ld.so
configure:11247: checking how to hardcode library paths into programs
configure:11272: result: immediate
configure:11812: checking whether stripping libraries is possible
configure:11817: result: yes
configure:11852: checking if libtool supports shared libraries
configure:11854: result: yes
configure:11857: checking whether to build shared libraries
configure:11878: result: yes
configure:11881: checking whether to build static libraries
configure:11885: result: yes
configure:11923: checking for size_t
configure:11923: gcc -c -g -O2  conftest.c >&5
configure:11923: $? = 0
configure:11923: gcc -c -g -O2  conftest.c >&5
conftest.c: In function 'main':
conftest.c:60:21: error: expected expression before ')' token
 if (sizeof ((size_t)))
                     ^
configure:11923: $? = 1
configure: failed program was:
| /* confdefs.h */
| #define PACKAGE_NAME "gsl"
| #define PACKAGE_TARNAME "gsl"
| #define PACKAGE_VERSION "2.4"
| #define PACKAGE_STRING "gsl 2.4"
| #define PACKAGE_BUGREPORT ""
| #define PACKAGE_URL ""
| #define PACKAGE "gsl"
| #define VERSION "2.4"
| #define RELEASED /**/
| #define STDC_HEADERS 1
| #define HAVE_SYS_TYPES_H 1
| #define HAVE_SYS_STAT_H 1
| #define HAVE_STDLIB_H 1
| #define HAVE_STRING_H 1
| #define HAVE_MEMORY_H 1
| #define HAVE_STRINGS_H 1
| #define HAVE_INTTYPES_H 1
| #define HAVE_STDINT_H 1
| #define HAVE_UNISTD_H 1
| #define HAVE_DLFCN_H 1
| #define LT_OBJDIR ".libs/"
| /* end confdefs.h.  */
| #include <stdio.h>
| #ifdef HAVE_SYS_TYPES_H
| # include <sys/types.h>
| #endif
| #ifdef HAVE_SYS_STAT_H
| # include <sys/stat.h>
| #endif
| #ifdef STDC_HEADERS
| # include <stdlib.h>
| # include <stddef.h>
| #else
| # ifdef HAVE_STDLIB_H
| #  include <stdlib.h>
| # endif
| #endif
| #ifdef HAVE_STRING_H
| # if !defined STDC_HEADERS && defined HAVE_MEMORY_H
| #  include <memory.h>
| # endif
| # include <string.h>
| #endif
| #ifdef HAVE_STRINGS_H
| # include <strings.h>
| #endif
| #ifdef HAVE_INTTYPES_H
| # include <inttypes.h>
| #endif
| #ifdef HAVE_STDINT_H
| # include <stdint.h>
| #endif
| #ifdef HAVE_UNISTD_H
| # include <unistd.h>
| #endif
| int
| main ()
| {
| if (sizeof ((size_t)))
| 	    return 0;
|   ;
|   return 0;
| }
configure:11923: result: yes
configure:11934: checking for working volatile
configure:11953: gcc -c -g -O2  conftest.c >&5
configure:11953: $? = 0
configure:11960: result: yes
configure:11968: checking for inline
configure:11984: gcc -c -g -O2  conftest.c >&5
configure:11984: $? = 0
configure:11992: result: inline
configure:12010: checking whether char is unsigned
configure:12029: gcc -c -g -O2  conftest.c >&5
configure:12029: $? = 0
configure:12036: result: no
configure:12134: checking for cos in -lm
configure:12159: gcc -o conftest -g -O2   conftest.c -lm   >&5
conftest.c:31:6: warning: conflicting types for built-in function 'cos'
 char cos ();
      ^
configure:12159: $? = 0
configure:12168: result: yes
configure:12185: checking for GNU-style extern inline
configure:12204: gcc -c -g -O2  conftest.c >&5
conftest.c:26:11: error: redefinition of 'foo'
    double foo (double x) { return x + 1.0 ; };
           ^
conftest.c:25:25: note: previous definition of 'foo' was here
    extern inline double foo(double x) { return x + 1.0 ; } ;
                         ^
configure:12204: $? = 1
configure: failed program was:
| /* confdefs.h */
| #define PACKAGE_NAME "gsl"
| #define PACKAGE_TARNAME "gsl"
| #define PACKAGE_VERSION "2.4"
| #define PACKAGE_STRING "gsl 2.4"
| #define PACKAGE_BUGREPORT ""
| #define PACKAGE_URL ""
| #define PACKAGE "gsl"
| #define VERSION "2.4"
| #define RELEASED /**/
| #define STDC_HEADERS 1
| #define HAVE_SYS_TYPES_H 1
| #define HAVE_SYS_STAT_H 1
| #define HAVE_STDLIB_H 1
| #define HAVE_STRING_H 1
| #define HAVE_MEMORY_H 1
| #define HAVE_STRINGS_H 1
| #define HAVE_INTTYPES_H 1
| #define HAVE_STDINT_H 1
| #define HAVE_UNISTD_H 1
| #define HAVE_DLFCN_H 1
| #define LT_OBJDIR ".libs/"
| /* end confdefs.h.  */
| extern inline double foo(double x);
|    extern inline double foo(double x) { return x + 1.0 ; } ;
|    double foo (double x) { return x + 1.0 ; };
| int
| main ()
| {
|   foo(1.0)
|   ;
|   return 0;
| }
configure:12210: result: no
configure:12218: checking for C99-style inline
configure:12235: gcc -c -g -O2  conftest.c >&5
configure:12235: $? = 0
configure:12251: gcc -c -g -O2  conftest.c >&5
configure:12251: $? = 0
configure:12260: result: yes
configure:12275: checking ieeefp.h usability
configure:12275: gcc -c -g -O2  conftest.c >&5
conftest.c:59:20: fatal error: ieeefp.h: No such file or directory
compilation terminated.
configure:12275: $? = 1
configure: failed program was:
| /* confdefs.h */
| #define PACKAGE_NAME "gsl"
| #define PACKAGE_TARNAME "gsl"
| #define PACKAGE_VERSION "2.4"
| #define PACKAGE_STRING "gsl 2.4"
| #define PACKAGE_BUGREPORT ""
| #define PACKAGE_URL ""
| #define PACKAGE "gsl"
| #define VERSION "2.4"
| #define RELEASED /**/
| #define STDC_HEADERS 1
| #define HAVE_SYS_TYPES_H 1
| #define HAVE_SYS_STAT_H 1
| #define HAVE_STDLIB_H 1
| #define HAVE_STRING_H 1
| #define HAVE_MEMORY_H 1
| #define HAVE_STRINGS_H 1
| #define HAVE_INTTYPES_H 1
| #define HAVE_STDINT_H 1
| #define HAVE_UNISTD_H 1
| #define HAVE_DLFCN_H 1
| #define LT_OBJDIR ".libs/"
| #define HAVE_INLINE 1
| #define HAVE_C99_INLINE 1
| /* end confdefs.h.  */
| #include <stdio.h>
| #ifdef HAVE_SYS_TYPES_H
| # include <sys/types.h>
| #endif
| #ifdef HAVE_SYS_STAT_H
| # include <sys/stat.h>
| #endif
| #ifdef STDC_HEADERS
| # include <stdlib.h>
| # include <stddef.h>
| #else
| # ifdef HAVE_STDLIB_H
| #  include <stdlib.h>
| # endif
| #endif
| #ifdef HAVE_STRING_H
| # if !defined STDC_HEADERS && defined HAVE_MEMORY_H
| #  include <memory.h>
| # endif
| # include <string.h>
| #endif
| #ifdef HAVE_STRINGS_H
| # include <strings.h>
| #endif
| #ifdef HAVE_INTTYPES_H
| # include <inttypes.h>
| #endif
| #ifdef HAVE_STDINT_H
| # include <stdint.h>
| #endif
| #ifdef HAVE_UNISTD_H
| # include <unistd.h>
| #endif
| #include <ieeefp.h>
configure:12275: result: no
configure:12275: checking ieeefp.h presence
configure:12275: gcc -E  conftest.c
conftest.c:26:20: fatal error: ieeefp.h: No such file or directory
compilation terminated.
configure:12275: $? = 1
configure: failed program was:
| /* confdefs.h */
| #define PACKAGE_NAME "gsl"
| #define PACKAGE_TARNAME "gsl"
| #define PACKAGE_VERSION "2.4"
| #define PACKAGE_STRING "gsl 2.4"
| #define PACKAGE_BUGREPORT ""
| #define PACKAGE_URL ""
| #define PACKAGE "gsl"
| #define VERSION "2.4"
| #define RELEASED /**/
| #define STDC_HEADERS 1
| #define HAVE_SYS_TYPES_H 1
| #define HAVE_SYS_STAT_H 1
| #define HAVE_STDLIB_H 1
| #define HAVE_STRING_H 1
| #define HAVE_MEMORY_H 1
| #define HAVE_STRINGS_H 1
| #define HAVE_INTTYPES_H 1
| #define HAVE_STDINT_H 1
| #define HAVE_UNISTD_H 1
| #define HAVE_DLFCN_H 1
| #define LT_OBJDIR ".libs/"
| #define HAVE_INLINE 1
| #define HAVE_C99_INLINE 1
| /* end confdefs.h.  */
| #include <ieeefp.h>
configure:12275: result: no
configure:12275: checking for ieeefp.h
configure:12275: result: no
configure:12304: checking for vprintf
configure:12304: gcc -o conftest -g -O2   conftest.c  >&5
conftest.c:49:6: warning: conflicting types for built-in function 'vprintf'
 char vprintf ();
      ^
configure:12304: $? = 0
configure:12304: result: yes
configure:12310: checking for _doprnt
configure:12310: gcc -o conftest -g -O2   conftest.c  >&5
/tmp/ccWjuQ18.o: In function `main':
/home/hzhangal/PycharmProjects/Multi-layer_network_embedding/C++/gsl-2.4/conftest.c:61: undefined reference to `_doprnt'
collect2: error: ld returned 1 exit status
configure:12310: $? = 1
configure: failed program was:
| /* confdefs.h */
| #define PACKAGE_NAME "gsl"
| #define PACKAGE_TARNAME "gsl"
| #define PACKAGE_VERSION "2.4"
| #define PACKAGE_STRING "gsl 2.4"
| #define PACKAGE_BUGREPORT ""
| #define PACKAGE_URL ""
| #define PACKAGE "gsl"
| #define VERSION "2.4"
| #define RELEASED /**/
| #define STDC_HEADERS 1
| #define HAVE_SYS_TYPES_H 1
| #define HAVE_SYS_STAT_H 1
| #define HAVE_STDLIB_H 1
| #define HAVE_STRING_H 1
| #define HAVE_MEMORY_H 1
| #define HAVE_STRINGS_H 1
| #define HAVE_INTTYPES_H 1
| #define HAVE_STDINT_H 1
| #define HAVE_UNISTD_H 1
| #define HAVE_DLFCN_H 1
| #define LT_OBJDIR ".libs/"
| #define HAVE_INLINE 1
| #define HAVE_C99_INLINE 1
| #define HAVE_VPRINTF 1
| /* end confdefs.h.  */
| /* Define _doprnt to an innocuous variant, in case <limits.h> declares _doprnt.
|    For example, HP-UX 11i <limits.h> declares gettimeofday.  */
| #define _doprnt innocuous__doprnt
| 
| /* System header to define __stub macros and hopefully few prototypes,
|     which can conflict with char _doprnt (); below.
|     Prefer <limits.h> to <assert.h> if __STDC__ is defined, since
|     <limits.h> exists even on freestanding compilers.  */
| 
| #ifdef __STDC__
| # include <limits.h>
| #else
| # include <assert.h>
| #endif
| 
| #undef _doprnt
| 
| /* Override any GCC internal prototype to avoid an error.
|    Use char because int might match the return type of a GCC
|    builtin and then its argument prototype would still apply.  */
| #ifdef __cplusplus
| extern "C"
| #endif
| char _doprnt ();
| /* The GNU C library defines this for functions which it implements
|     to always fail with ENOSYS.  Some functions are actually named
|     something starting with __ and the normal name is an alias.  */
| #if defined __stub__doprnt || defined __stub____doprnt
| choke me
| #endif
| 
| int
| main ()
| {
| return _doprnt ();
|   ;
|   return 0;
| }
configure:12310: result: no
configure:12322: checking for memcpy
configure:12322: gcc -o conftest -g -O2   conftest.c  >&5
conftest.c:50:6: warning: conflicting types for built-in function 'memcpy'
 char memcpy ();
      ^
configure:12322: $? = 0
configure:12322: result: yes
configure:12335: checking for memmove
configure:12335: gcc -o conftest -g -O2   conftest.c  >&5
conftest.c:51:6: warning: conflicting types for built-in function 'memmove'
 char memmove ();
      ^
configure:12335: $? = 0
configure:12335: result: yes
configure:12348: checking for strdup
configure:12348: gcc -o conftest -g -O2   conftest.c  >&5
conftest.c:52:6: warning: conflicting types for built-in function 'strdup'
 char strdup ();
      ^
configure:12348: $? = 0
configure:12348: result: yes
configure:12361: checking for strtol
configure:12361: gcc -o conftest -g -O2   conftest.c  >&5
configure:12361: $? = 0
configure:12361: result: yes
configure:12374: checking for strtoul
configure:12374: gcc -o conftest -g -O2   conftest.c  >&5
configure:12374: $? = 0
configure:12374: result: yes
configure:12389: checking for EXIT_SUCCESS and EXIT_FAILURE
configure:12413: result: yes
configure:12424: checking for cos in -lm
configure:12458: result: yes
configure:12471: checking whether feenableexcept is declared
configure:12471: gcc -c -g -O2  conftest.c >&5
configure:12471: $? = 0
configure:12471: result: yes
configure:12484: checking whether fesettrapenable is declared
configure:12484: gcc -c -g -O2  conftest.c >&5
conftest.c: In function 'main':
conftest.c:45:10: error: 'fesettrapenable' undeclared (first use in this function)
   (void) fesettrapenable;
          ^
conftest.c:45:10: note: each undeclared identifier is reported only once for each function it appears in
configure:12484: $? = 1
configure: failed program was:
| /* confdefs.h */
| #define PACKAGE_NAME "gsl"
| #define PACKAGE_TARNAME "gsl"
| #define PACKAGE_VERSION "2.4"
| #define PACKAGE_STRING "gsl 2.4"
| #define PACKAGE_BUGREPORT ""
| #define PACKAGE_URL ""
| #define PACKAGE "gsl"
| #define VERSION "2.4"
| #define RELEASED /**/
| #define STDC_HEADERS 1
| #define HAVE_SYS_TYPES_H 1
| #define HAVE_SYS_STAT_H 1
| #define HAVE_STDLIB_H 1
| #define HAVE_STRING_H 1
| #define HAVE_MEMORY_H 1
| #define HAVE_STRINGS_H 1
| #define HAVE_INTTYPES_H 1
| #define HAVE_STDINT_H 1
| #define HAVE_UNISTD_H 1
| #define HAVE_DLFCN_H 1
| #define LT_OBJDIR ".libs/"
| #define HAVE_INLINE 1
| #define HAVE_C99_INLINE 1
| #define HAVE_VPRINTF 1
| #define HAVE_MEMCPY 1
| #define HAVE_MEMMOVE 1
| #define HAVE_STRDUP 1
| #define HAVE_STRTOL 1
| #define HAVE_STRTOUL 1
| #define HAVE_EXIT_SUCCESS_AND_FAILURE 1
| #define HAVE_LIBM 1
| #define HAVE_DECL_FEENABLEEXCEPT 1
| /* end confdefs.h.  */
| #define _GNU_SOURCE 1
| #include <fenv.h>
| 
| int
| main ()
| {
| #ifndef fesettrapenable
| #ifdef __cplusplus
|   (void) fesettrapenable;
| #else
|   (void) fesettrapenable;
| #endif
| #endif
| 
|   ;
|   return 0;
| }
configure:12484: result: no
configure:12497: checking whether hypot is declared
configure:12497: gcc -c -g -O2  conftest.c >&5
configure:12497: $? = 0
configure:12497: result: yes
configure:12509: checking whether expm1 is declared
configure:12509: gcc -c -g -O2  conftest.c >&5
configure:12509: $? = 0
configure:12509: result: yes
configure:12521: checking whether acosh is declared
configure:12521: gcc -c -g -O2  conftest.c >&5
configure:12521: $? = 0
configure:12521: result: yes
configure:12533: checking whether asinh is declared
configure:12533: gcc -c -g -O2  conftest.c >&5
configure:12533: $? = 0
configure:12533: result: yes
configure:12545: checking whether atanh is declared
configure:12545: gcc -c -g -O2  conftest.c >&5
configure:12545: $? = 0
configure:12545: result: yes
configure:12557: checking whether ldexp is declared
configure:12557: gcc -c -g -O2  conftest.c >&5
configure:12557: $? = 0
configure:12557: result: yes
configure:12569: checking whether frexp is declared
configure:12569: gcc -c -g -O2  conftest.c >&5
configure:12569: $? = 0
configure:12569: result: yes
configure:12581: checking whether fprnd_t is declared
configure:12581: gcc -c -g -O2  conftest.c >&5
conftest.c: In function 'main':
conftest.c:52:10: error: 'fprnd_t' undeclared (first use in this function)
   (void) fprnd_t;
          ^
conftest.c:52:10: note: each undeclared identifier is reported only once for each function it appears in
configure:12581: $? = 1
configure: failed program was:
| /* confdefs.h */
| #define PACKAGE_NAME "gsl"
| #define PACKAGE_TARNAME "gsl"
| #define PACKAGE_VERSION "2.4"
| #define PACKAGE_STRING "gsl 2.4"
| #define PACKAGE_BUGREPORT ""
| #define PACKAGE_URL ""
| #define PACKAGE "gsl"
| #define VERSION "2.4"
| #define RELEASED /**/
| #define STDC_HEADERS 1
| #define HAVE_SYS_TYPES_H 1
| #define HAVE_SYS_STAT_H 1
| #define HAVE_STDLIB_H 1
| #define HAVE_STRING_H 1
| #define HAVE_MEMORY_H 1
| #define HAVE_STRINGS_H 1
| #define HAVE_INTTYPES_H 1
| #define HAVE_STDINT_H 1
| #define HAVE_UNISTD_H 1
| #define HAVE_DLFCN_H 1
| #define LT_OBJDIR ".libs/"
| #define HAVE_INLINE 1
| #define HAVE_C99_INLINE 1
| #define HAVE_VPRINTF 1
| #define HAVE_MEMCPY 1
| #define HAVE_MEMMOVE 1
| #define HAVE_STRDUP 1
| #define HAVE_STRTOL 1
| #define HAVE_STRTOUL 1
| #define HAVE_EXIT_SUCCESS_AND_FAILURE 1
| #define HAVE_LIBM 1
| #define HAVE_DECL_FEENABLEEXCEPT 1
| #define HAVE_DECL_FESETTRAPENABLE 0
| #define HAVE_DECL_HYPOT 1
| #define HAVE_DECL_EXPM1 1
| #define HAVE_DECL_ACOSH 1
| #define HAVE_DECL_ASINH 1
| #define HAVE_DECL_ATANH 1
| #define HAVE_DECL_LDEXP 1
| #define HAVE_DECL_FREXP 1
| /* end confdefs.h.  */
| #include <float.h>
| 
| int
| main ()
| {
| #ifndef fprnd_t
| #ifdef __cplusplus
|   (void) fprnd_t;
| #else
|   (void) fprnd_t;
| #endif
| #endif
| 
|   ;
|   return 0;
| }
configure:12581: result: no
configure:12593: checking whether isinf is declared
configure:12593: gcc -c -g -O2  conftest.c >&5
configure:12593: $? = 0
configure:12593: result: yes
configure:12605: checking whether isfinite is declared
configure:12605: gcc -c -g -O2  conftest.c >&5
configure:12605: $? = 0
configure:12605: result: yes
configure:12617: checking whether finite is declared
configure:12617: gcc -c -g -O2  conftest.c >&5
configure:12617: $? = 0
configure:12617: result: yes
configure:12632: checking whether isnan is declared
configure:12632: gcc -c -g -O2  conftest.c >&5
configure:12632: $? = 0
configure:12632: result: yes
configure:12651: checking whether log1p is declared
configure:12651: gcc -c -g -O2  conftest.c >&5
configure:12651: $? = 0
configure:12651: result: yes
configure:12666: checking for long double stdio
configure:12687: gcc -o conftest -g -O2   conftest.c -lm  >&5
configure:12687: $? = 0
configure:12687: ./conftest
1.234
configure:12687: $? = 0
configure:12697: result: yes
configure:12706: checking for extended floating point registers
configure:12739: result: yes
configure:12748: checking for IEEE arithmetic interface type
configure:12811: result: gnux86
configure:12815: checking for FPU_SETCW
configure:12837: gcc -c -g -O2  conftest.c >&5
configure:12837: $? = 0
configure:12845: result: yes
configure:12850: checking for SSE extensions
configure:12894: gcc -o conftest -g -O2   conftest.c -lm  >&5
configure:12894: $? = 0
configure:12894: ./conftest
configure:12894: $? = 0
configure:12904: result: yes
configure:12941: checking for IEEE compiler flags
configure:12980: result: none
configure:12989: checking for IEEE comparisons
configure:13010: gcc -o conftest -g -O2   conftest.c -lm  >&5
conftest.c: In function 'main':
conftest.c:61:4: warning: implicit declaration of function 'exit' [-Wimplicit-function-declaration]
    exit (status);
    ^
conftest.c:61:4: warning: incompatible implicit declaration of built-in function 'exit'
conftest.c:61:4: note: include '<stdlib.h>' or provide a declaration of 'exit'
configure:13010: $? = 0
configure:13010: ./conftest
configure:13010: $? = 0
configure:13021: result: yes
configure:13030: checking for IEEE denormalized values
configure:13052: gcc -o conftest -g -O2   conftest.c -lm  >&5
conftest.c: In function 'main':
conftest.c:63:4: warning: implicit declaration of function 'exit' [-Wimplicit-function-declaration]
    exit (status);
    ^
conftest.c:63:4: warning: incompatible implicit declaration of built-in function 'exit'
conftest.c:63:4: note: include '<stdlib.h>' or provide a declaration of 'exit'
configure:13052: $? = 0
configure:13052: ./conftest
configure:13052: $? = 0
configure:13063: result: yes
configure:13202: checking that generated files are newer than configure
configure:13208: result: done
configure:13235: creating ./config.status

## ---------------------- ##
## Running config.status. ##
## ---------------------- ##

This file was extended by gsl config.status 2.4, which was
generated by GNU Autoconf 2.69.  Invocation command line was

  CONFIG_FILES    = 
  CONFIG_HEADERS  = 
  CONFIG_LINKS    = 
  CONFIG_COMMANDS = 
  $ ./config.status 

on hzhangal-ThinkPad-E450

config.status:1204: creating Makefile
config.status:1204: creating gsl_version.h
config.status:1204: creating gsl.spec
config.status:1204: creating blas/Makefile
config.status:1204: creating block/Makefile
config.status:1204: creating bspline/Makefile
config.status:1204: creating cblas/Makefile
config.status:1204: creating cdf/Makefile
config.status:1204: creating cheb/Makefile
config.status:1204: creating combination/Makefile
config.status:1204: creating complex/Makefile
config.status:1204: creating const/Makefile
config.status:1204: creating deriv/Makefile
config.status:1204: creating dht/Makefile
config.status:1204: creating diff/Makefile
config.status:1204: creating doc/Makefile
config.status:1204: creating doc/examples/Makefile
config.status:1204: creating eigen/Makefile
config.status:1204: creating err/Makefile
config.status:1204: creating fit/Makefile
config.status:1204: creating fft/Makefile
config.status:1204: creating gsl/Makefile
config.status:1204: creating histogram/Makefile
config.status:1204: creating ieee-utils/Makefile
config.status:1204: creating integration/Makefile
config.status:1204: creating interpolation/Makefile
config.status:1204: creating linalg/Makefile
config.status:1204: creating matrix/Makefile
config.status:1204: creating min/Makefile
config.status:1204: creating monte/Makefile
config.status:1204: creating multifit/Makefile
config.status:1204: creating multifit_nlinear/Makefile
config.status:1204: creating multilarge/Makefile
config.status:1204: creating multilarge_nlinear/Makefile
config.status:1204: creating multimin/Makefile
config.status:1204: creating multiroots/Makefile
config.status:1204: creating multiset/Makefile
config.status:1204: creating ntuple/Makefile
config.status:1204: creating ode-initval/Makefile
config.status:1204: creating ode-initval2/Makefile
config.status:1204: creating permutation/Makefile
config.status:1204: creating poly/Makefile
config.status:1204: creating qrng/Makefile
config.status:1204: creating randist/Makefile
config.status:1204: creating rng/Makefile
config.status:1204: creating roots/Makefile
config.status:1204: creating rstat/Makefile
config.status:1204: creating siman/Makefile
config.status:1204: creating sort/Makefile
config.status:1204: creating spblas/Makefile
config.status:1204: creating splinalg/Makefile
config.status:1204: creating spmatrix/Makefile
config.status:1204: creating specfunc/Makefile
config.status:1204: creating statistics/Makefile
config.status:1204: creating sum/Makefile
config.status:1204: creating sys/Makefile
config.status:1204: creating test/Makefile
config.status:1204: creating utils/Makefile
config.status:1204: creating vector/Makefile
config.status:1204: creating wavelet/Makefile
config.status:1204: creating config.h
config.status:1385: config.h is unchanged
config.status:1433: executing depfiles commands
config.status:1433: executing libtool commands

## ---------------- ##
## Cache variables. ##
## ---------------- ##

ac_cv_build=x86_64-unknown-linux-gnu
ac_cv_c_c99inline=yes
ac_cv_c_char_unsigned=no
ac_cv_c_compiler_gnu=yes
ac_cv_c_extended_fp=yes
ac_cv_c_extern_inline=no
ac_cv_c_fpu_setcw=yes
ac_cv_c_fpu_sse=yes
ac_cv_c_ieee_comparisons=yes
ac_cv_c_ieee_denormals=yes
ac_cv_c_ieee_flags=none
ac_cv_c_ieee_interface=gnux86
ac_cv_c_inline=inline
ac_cv_c_volatile=yes
ac_cv_decl_exit_success_and_failure=yes
ac_cv_env_CC_set=
ac_cv_env_CC_value=
ac_cv_env_CFLAGS_set=
ac_cv_env_CFLAGS_value=
ac_cv_env_CPPFLAGS_set=
ac_cv_env_CPPFLAGS_value=
ac_cv_env_CPP_set=
ac_cv_env_CPP_value=
ac_cv_env_LDFLAGS_set=
ac_cv_env_LDFLAGS_value=
ac_cv_env_LIBS_set=
ac_cv_env_LIBS_value=
ac_cv_env_build_alias_set=
ac_cv_env_build_alias_value=
ac_cv_env_host_alias_set=
ac_cv_env_host_alias_value=
ac_cv_env_target_alias_set=
ac_cv_env_target_alias_value=
ac_cv_func__doprnt=no
ac_cv_func_memcpy=yes
ac_cv_func_memmove=yes
ac_cv_func_printf_longdouble=yes
ac_cv_func_strdup=yes
ac_cv_func_strtol=yes
ac_cv_func_strtoul=yes
ac_cv_func_vprintf=yes
ac_cv_have_decl_acosh=yes
ac_cv_have_decl_asinh=yes
ac_cv_have_decl_atanh=yes
ac_cv_have_decl_expm1=yes
ac_cv_have_decl_feenableexcept=yes
ac_cv_have_decl_fesettrapenable=no
ac_cv_have_decl_finite=yes
ac_cv_have_decl_fprnd_t=no
ac_cv_have_decl_frexp=yes
ac_cv_have_decl_hypot=yes
ac_cv_have_decl_isfinite=yes
ac_cv_have_decl_isinf=yes
ac_cv_have_decl_isnan=yes
ac_cv_have_decl_ldexp=yes
ac_cv_have_decl_log1p=yes
ac_cv_header_dlfcn_h=yes
ac_cv_header_ieeefp_h=no
ac_cv_header_inttypes_h=yes
ac_cv_header_memory_h=yes
ac_cv_header_stdc=yes
ac_cv_header_stdint_h=yes
ac_cv_header_stdlib_h=yes
ac_cv_header_string_h=yes
ac_cv_header_strings_h=yes
ac_cv_header_sys_stat_h=yes
ac_cv_header_sys_types_h=yes
ac_cv_header_unistd_h=yes
ac_cv_host=x86_64-unknown-linux-gnu
ac_cv_lib_m_cos=yes
ac_cv_objext=o
ac_cv_path_EGREP='/bin/grep -E'
ac_cv_path_FGREP='/bin/grep -F'
ac_cv_path_GREP=/bin/grep
ac_cv_path_SED=/bin/sed
ac_cv_path_install='/usr/bin/install -c'
ac_cv_path_mkdir=/bin/mkdir
ac_cv_prog_AWK=mawk
ac_cv_prog_CPP='gcc -E'
ac_cv_prog_ac_ct_AR=ar
ac_cv_prog_ac_ct_CC=gcc
ac_cv_prog_ac_ct_MANIFEST_TOOL=mt
ac_cv_prog_ac_ct_OBJDUMP=objdump
ac_cv_prog_ac_ct_RANLIB=ranlib
ac_cv_prog_ac_ct_STRIP=strip
ac_cv_prog_cc_c89=
ac_cv_prog_cc_g=yes
ac_cv_prog_make_make_set=yes
ac_cv_type_size_t=yes
am_cv_CC_dependencies_compiler_type=gcc3
am_cv_make_support_nested_variables=yes
lt_cv_ar_at_file=@
lt_cv_archive_cmds_need_lc=no
lt_cv_deplibs_check_method=pass_all
lt_cv_file_magic_cmd='$MAGIC_CMD'
lt_cv_file_magic_test_file=
lt_cv_ld_reload_flag=-r
lt_cv_nm_interface='BSD nm'
lt_cv_objdir=.libs
lt_cv_path_LD=/usr/bin/ld
lt_cv_path_NM='/usr/bin/nm -B'
lt_cv_path_mainfest_tool=no
lt_cv_prog_compiler_c_o=yes
lt_cv_prog_compiler_pic='-fPIC -DPIC'
lt_cv_prog_compiler_pic_works=yes
lt_cv_prog_compiler_rtti_exceptions=no
lt_cv_prog_compiler_static_works=yes
lt_cv_prog_gnu_ld=yes
lt_cv_sharedlib_from_linklib_cmd='printf %s\n'
lt_cv_shlibpath_overrides_runpath=no
lt_cv_sys_global_symbol_pipe='sed -n -e '\''s/^.*[	 ]\([ABCDGIRSTW][ABCDGIRSTW]*\)[	 ][	 ]*\([_A-Za-z][_A-Za-z0-9]*\)$/\1 \2 \2/p'\'' | sed '\''/ __gnu_lto/d'\'''
lt_cv_sys_global_symbol_to_c_name_address='sed -n -e '\''s/^: \([^ ]*\)[ ]*$/  {\"\1\", (void *) 0},/p'\'' -e '\''s/^[ABCDGIRSTW]* \([^ ]*\) \([^ ]*\)$/  {"\2", (void *) \&\2},/p'\'''
lt_cv_sys_global_symbol_to_c_name_address_lib_prefix='sed -n -e '\''s/^: \([^ ]*\)[ ]*$/  {\"\1\", (void *) 0},/p'\'' -e '\''s/^[ABCDGIRSTW]* \([^ ]*\) \(lib[^ ]*\)$/  {"\2", (void *) \&\2},/p'\'' -e '\''s/^[ABCDGIRSTW]* \([^ ]*\) \([^ ]*\)$/  {"lib\2", (void *) \&\2},/p'\'''
lt_cv_sys_global_symbol_to_cdecl='sed -n -e '\''s/^T .* \(.*\)$/extern int \1();/p'\'' -e '\''s/^[ABCDGIRSTW]* .* \(.*\)$/extern char \1;/p'\'''
lt_cv_sys_max_cmd_len=1572864
lt_cv_to_host_file_cmd=func_convert_file_noop
lt_cv_to_tool_file_cmd=func_convert_file_noop

## ----------------- ##
## Output variables. ##
## ----------------- ##

ACLOCAL='${SHELL} /home/hzhangal/PycharmProjects/Multi-layer_network_embedding/C++/gsl-2.4/missing aclocal-1.13'
AMDEPBACKSLASH='\'
AMDEP_FALSE='#'
AMDEP_TRUE=''
AMTAR='$${TAR-tar}'
AM_BACKSLASH='\'
AM_DEFAULT_V='$(AM_DEFAULT_VERBOSITY)'
AM_DEFAULT_VERBOSITY='1'
AM_V='$(V)'
AR='ar'
AS='as'
AUTOCONF='${SHELL} /home/hzhangal/PycharmProjects/Multi-layer_network_embedding/C++/gsl-2.4/missing autoconf'
AUTOHEADER='${SHELL} /home/hzhangal/PycharmProjects/Multi-layer_network_embedding/C++/gsl-2.4/missing autoheader'
AUTOMAKE='${SHELL} /home/hzhangal/PycharmProjects/Multi-layer_network_embedding/C++/gsl-2.4/missing automake-1.13'
AWK='mawk'
CC='gcc'
CCDEPMODE='depmode=gcc3'
CFLAGS='-g -O2'
CPP='gcc -E'
CPPFLAGS=''
CYGPATH_W='echo'
DEFS='-DHAVE_CONFIG_H'
DEPDIR='.deps'
DLLTOOL='false'
DSYMUTIL=''
DUMPBIN=''
ECHO_C=''
ECHO_N='-n'
ECHO_T=''
EGREP='/bin/grep -E'
EXEEXT=''
FGREP='/bin/grep -F'
GREP='/bin/grep'
GSLCBLAS_LDFLAGS=''
GSL_CFLAGS='-I${prefix}/include'
GSL_LDFLAGS=''
GSL_LIBADD=''
GSL_LIBM='-lm'
GSL_LIBS='-L${exec_prefix}/lib -lgsl'
GSL_LT_CBLAS_VERSION='0:0:0'
GSL_LT_VERSION='23:0:0'
GSL_MAJOR_VERSION='2'
GSL_MINOR_VERSION='4'
HAVE_AIX_IEEE_INTERFACE=''
HAVE_DARWIN86_IEEE_INTERFACE=''
HAVE_DARWIN_IEEE_INTERFACE=''
HAVE_FREEBSD_IEEE_INTERFACE=''
HAVE_GNUM68K_IEEE_INTERFACE=''
HAVE_GNUPPC_IEEE_INTERFACE=''
HAVE_GNUSPARC_IEEE_INTERFACE=''
HAVE_GNUX86_IEEE_INTERFACE=''
HAVE_HPUX11_IEEE_INTERFACE=''
HAVE_HPUX_IEEE_INTERFACE=''
HAVE_IRIX_IEEE_INTERFACE=''
HAVE_NETBSD_IEEE_INTERFACE=''
HAVE_OPENBSD_IEEE_INTERFACE=''
HAVE_OS2EMX_IEEE_INTERFACE=''
HAVE_SOLARIS_IEEE_INTERFACE=''
HAVE_SUNOS4_IEEE_INTERFACE=''
HAVE_TRU64_IEEE_INTERFACE=''
INSTALL_DATA='${INSTALL} -m 644'
INSTALL_PROGRAM='${INSTALL}'
INSTALL_SCRIPT='${INSTALL}'
INSTALL_STRIP_PROGRAM='$(install_sh) -c -s'
LD='/usr/bin/ld -m elf_x86_64'
LDFLAGS=''
LIBM='-lm'
LIBOBJS=''
LIBS='-lm '
LIBTOOL='$(SHELL) $(top_builddir)/libtool'
LIPO=''
LN_S='ln -s'
LTLIBOBJS=''
MAINT='#'
MAINTAINER_MODE_FALSE=''
MAINTAINER_MODE_TRUE='#'
MAKEINFO='${SHELL} /home/hzhangal/PycharmProjects/Multi-layer_network_embedding/C++/gsl-2.4/missing makeinfo'
MANIFEST_TOOL=':'
MKDIR_P='/bin/mkdir -p'
NM='/usr/bin/nm -B'
NMEDIT=''
OBJDUMP='objdump'
OBJEXT='o'
OTOOL64=''
OTOOL=''
PACKAGE='gsl'
PACKAGE_BUGREPORT=''
PACKAGE_NAME='gsl'
PACKAGE_STRING='gsl 2.4'
PACKAGE_TARNAME='gsl'
PACKAGE_URL=''
PACKAGE_VERSION='2.4'
PATH_SEPARATOR=':'
RANLIB='ranlib'
SED='/bin/sed'
SET_MAKE=''
SHELL='/bin/bash'
STRIP='strip'
VERSION='2.4'
ac_ct_AR='ar'
ac_ct_CC='gcc'
ac_ct_DUMPBIN=''
am__EXEEXT_FALSE=''
am__EXEEXT_TRUE='#'
am__fastdepCC_FALSE='#'
am__fastdepCC_TRUE=''
am__include='include'
am__isrc=''
am__leading_dot='.'
am__nodep='_no'
am__quote=''
am__tar='$${TAR-tar} chof - "$$tardir"'
am__untar='$${TAR-tar} xf -'
bindir='${exec_prefix}/bin'
build='x86_64-unknown-linux-gnu'
build_alias=''
build_cpu='x86_64'
build_os='linux-gnu'
build_vendor='unknown'
datadir='${datarootdir}'
datarootdir='${prefix}/share'
docdir='${datarootdir}/doc/${PACKAGE_TARNAME}'
dvidir='${docdir}'
exec_prefix='${prefix}'
host='x86_64-unknown-linux-gnu'
host_alias=''
host_cpu='x86_64'
host_os='linux-gnu'
host_vendor='unknown'
htmldir='${docdir}'
includedir='${prefix}/include'
infodir='${datarootdir}/info'
install_sh='${SHELL} /home/hzhangal/PycharmProjects/Multi-layer_network_embedding/C++/gsl-2.4/install-sh'
libdir='${exec_prefix}/lib'
libexecdir='${exec_prefix}/libexec'
localedir='${datarootdir}/locale'
localstatedir='${prefix}/var'
mandir='${datarootdir}/man'
mkdir_p='$(MKDIR_P)'
oldincludedir='/usr/include'
pdfdir='${docdir}'
prefix='/usr/local'
program_transform_name='s,x,x,'
psdir='${docdir}'
sbindir='${exec_prefix}/sbin'
sharedstatedir='${prefix}/com'
sysconfdir='${prefix}/etc'
target_alias=''

## ----------- ##
## confdefs.h. ##
## ----------- ##

/* confdefs.h */
#define PACKAGE_NAME "gsl"
#define PACKAGE_TARNAME "gsl"
#define PACKAGE_VERSION "2.4"
#define PACKAGE_STRING "gsl 2.4"
#define PACKAGE_BUGREPORT ""
#define PACKAGE_URL ""
#define PACKAGE "gsl"
#define VERSION "2.4"
#define RELEASED /**/
#define STDC_HEADERS 1
#define HAVE_SYS_TYPES_H 1
#define HAVE_SYS_STAT_H 1
#define HAVE_STDLIB_H 1
#define HAVE_STRING_H 1
#define HAVE_MEMORY_H 1
#define HAVE_STRINGS_H 1
#define HAVE_INTTYPES_H 1
#define HAVE_STDINT_H 1
#define HAVE_UNISTD_H 1
#define HAVE_DLFCN_H 1
#define LT_OBJDIR ".libs/"
#define HAVE_INLINE 1
#define HAVE_C99_INLINE 1
#define HAVE_VPRINTF 1
#define HAVE_MEMCPY 1
#define HAVE_MEMMOVE 1
#define HAVE_STRDUP 1
#define HAVE_STRTOL 1
#define HAVE_STRTOUL 1
#define HAVE_EXIT_SUCCESS_AND_FAILURE 1
#define HAVE_LIBM 1
#define HAVE_DECL_FEENABLEEXCEPT 1
#define HAVE_DECL_FESETTRAPENABLE 0
#define HAVE_DECL_HYPOT 1
#define HAVE_DECL_EXPM1 1
#define HAVE_DECL_ACOSH 1
#define HAVE_DECL_ASINH 1
#define HAVE_DECL_ATANH 1
#define HAVE_DECL_LDEXP 1
#define HAVE_DECL_FREXP 1
#define HAVE_DECL_FPRND_T 0
#define HAVE_DECL_ISINF 1
#define HAVE_DECL_ISFINITE 1
#define HAVE_DECL_FINITE 1
#define HAVE_DECL_ISNAN 1
#define HAVE_DECL_LOG1P 1
#define HAVE_PRINTF_LONGDOUBLE 1
#define HAVE_EXTENDED_PRECISION_REGISTERS 1
#define HAVE_FPU_X86_SSE 1
#define HAVE_GNUX86_IEEE_INTERFACE 1
#define HAVE_IEEE_COMPARISONS 1
#define HAVE_IEEE_DENORMALS 1

configure: exit 0
